


ARM Macro Assembler    Page 1 


    1 00000000         ;/*-----------------------------------------------------
                       ----------------------------------------------------*/
    2 00000000         ;/*                                                     
                                                                           */
    3 00000000         ;/* Copyright (c) 2008 by Nuvoton Technology Corporation
                                                                           */
    4 00000000         ;/* All rights reserved                                 
                                                                           */
    5 00000000         ;/*                                                     
                                                                           */
    6 00000000         ;/*-----------------------------------------------------
                       ----------------------------------------------------*/
    7 00000000         ;/* File Contents:                                      
                                                                           */
    8 00000000         ;/*   image.s                                           
                                                                           */
    9 00000000         ;/*                                                     
                                                                           */
   10 00000000         ;/*                                                     
                                                                           */
   11 00000000         ;/* Version:                                            
                                                                           */
   12 00000000         ;/*          v0.0.1                                     
                                                                           */
   13 00000000         ;/*                                                     
                                                                           */
   14 00000000         ;/* Project:                                            
                                                                           */
   15 00000000         ;/*          DA8205                                     
                                                                           */
   16 00000000         ;/*                                                     
                                                                           */
   17 00000000         ;/*                                                     
                                                 $Date: 08/08/05 4:16p $   */
   18 00000000         ;/*-----------------------------------------------------
                       ----------------------------------------------------*/
   19 00000000         
   20 00000000         
   21 00000000                 AREA             _image, CODE, READONLY
   22 00000000         
   23 00000000                 EXPORT           imageBegin
   24 00000000                 EXPORT           imageEnd
   25 00000000         
   26 00000000         imageBegin
   27 00000000 88 10 00 
              20 69 01 
              00 00 6D 
              01 00 00 
              6F 01 00 
              00 00 00 
              00 00 00 
              00 00 00 
              00 00 00 
              00 00 00 
              00 00 00 
              00 00 00 
              00 00 00 
              00 00 00 
              00 00 71 



ARM Macro Assembler    Page 2 


              01 00 00 
              00 00 00 
              00 00 00 
              00 00 73 
              01 00 00 
              95 01 00 
              00 77 01 
              00 00 77 
              01 00 00 
              77 01 00 
              00 77 01 
              00 00 77 
              01 00 00 
              77 01 00 
              00 77 01 
              00 00 77 
              01 00 00 
              77 01 00 
              00 77 01 
              00 00 77 
              01 00 00 
              77 01 00 
              00 77 01 
              00 00 77 
              01 00 00 
              77 01 00 
              00 77 01 
              00 00 77 
              01 00 00 
              77 01 00 
              00 77 01 
              00 00 77 
              01 00 00 
              77 01 00 
              00 77 01 
              00 00 77 
              01 00 00 
              77 01 00 
              00 77 01 
              00 00 77 
              01 00 00 
              77 01 00 
              00 77 01 
              00 00 77 
              01 00 00 
              77 01 00 
              00 77 01 
              00 00 77 
              01 00 00 
              00 F0 02 
              F8 00 F0 
              43 F8 0C 
              A0 30 C8 
              08 38 24 
              18 2D 18 
              A2 46 67 
              1E AB 46 
              54 46 5D 
              46 AC 42 



ARM Macro Assembler    Page 3 


              01 D1 00 
              F0 35 F8 
              7E 46 0F 
              3E 0F CC 
              B6 46 01 
              26 33 42 
              00 D0 FB 
              1A A2 46 
              AB 46 33 
              43 18 47 
              58 04 00 
              00 78 04 
              00 00 10 
              3A 02 D3 
              78 C8 78 
              C1 FA D8 
              52 07 01 
              D3 30 C8 
              30 C1 01 
              D5 04 68 
              0C 60 70 
              47 00 00 
              00 23 00 
              24 00 25 
              00 26 10 
              3A 01 D3 
              78 C1 FB 
              D8 52 07 
              00 D3 30 
              C1 00 D5 
              0B 60 70 
              47 10 B5 
              00 20 10 
              BD 1F B5 
              C0 46 C0 
              46 1F BD 
              10 B5 10 
              BD 00 F0 
              CB F9 11 
              46 FF F7 
              F5 FF 00 
              F0 82 F8 
              00 F0 E3 
              F9 FF F7 
              F3 FF 00 
              F0 EA F9 
              06 48 00 
              47 FE E7 
              FE E7 FE 
              E7 FE E7 
              FE E7 FE 
              E7 03 48 
              04 49 02 
              4A 04 4B 
              70 47 00 
              00 C1 00 
              00 00 88 
              00 00 20 
              88 10 00 



ARM Macro Assembler    Page 4 


              20 88 00 
              00 20 4D 
              48 80 68 
              C0 07 C0 
              0F 03 D0 
              00 20 4A 
              49 88 60 
              02 E0 01 
              20 48 49 
              88 60 48 
              48 00 68 
              40 1C 47 
              49 08 60 
              70 47 45 
              4A 11 68 
              00 BF 44 
              4A 12 68 
              52 1A 82 
              42 FA D3 
              70 47 16 
              21 41 43 
              41 4A 51 
              61 00 21 
              91 61 05 
              21 11 61 
              00 BF 3D 
              49 09 69 
              01 22 12 
              04 11 42 
              F9 D0 70 
              47 05 20 
              00 07 40 
              6B 40 08 
              40 00 40 
              1C 05 21 
              09 07 48 
              63 08 46 
              40 6B 02 
              21 88 43 
              80 1C 05 
              21 09 07 
              48 63 08 
              46 C0 68 
              01 21 09 
              04 88 43 
              40 18 05 
              21 09 07 
              C8 60 08 
              46 C0 68 
              01 21 09 
              04 88 43 
              05 21 09 
              07 C8 60 
              2A 48 80 
              68 01 21 
              09 04 88 
              43 40 18 
              27 49 88 
              60 08 46 



ARM Macro Assembler    Page 5 


              40 69 03 
              21 09 06 
              88 43 23 
              49 48 61 
              23 48 C0 
              68 80 08 
              80 00 C0 
              1C 21 49 
              C8 60 21 
              48 48 62 
              70 47 10 
              B5 20 4C 
              59 20 20 
              49 08 60 
              16 20 08 
              60 88 20 
              08 60 19 
              48 00 68 
              40 08 40 
              00 40 1C 
              16 49 08 
              60 08 46 
              00 68 08 
              21 88 43 
              08 30 13 
              49 08 60 
              08 46 00 
              68 02 21 
              88 43 80 
              1C 0F 49 
              08 60 08 
              46 00 68 
              04 21 88 
              43 00 1D 
              0C 49 08 
              60 08 46 
              40 69 03 
              21 09 06 
              88 43 08 
              49 48 61 
              0C 48 FF 
              F7 86 FF 
              FF F7 94 
              FF 0B A0 
              00 F0 56 
              F8 00 20 
              10 BD 80 
              40 00 50 
              1C 00 00 
              20 00 E0 
              00 E0 00 
              02 00 50 
              00 00 05 
              40 66 00 
              00 3F 00 
              1B B7 00 
              00 01 00 
              50 88 13 
              00 00 41 



ARM Macro Assembler    Page 6 


              50 52 4F 
              4D 20 74 
              65 73 74 
              0A 00 00 
              BF 1C 49 
              89 69 09 
              02 C9 0F 
              01 29 F9 
              D0 19 49 
              08 60 0A 
              28 09 D1 
              00 BF 16 
              49 89 69 
              09 02 C9 
              0F 01 29 
              F9 D0 0D 
              21 13 4A 
              11 60 70 
              47 00 BF 
              11 49 89 
              69 49 04 
              C9 0F 01 
              29 F9 D0 
              0E 49 08 
              68 70 47 
              00 B5 03 
              46 18 46 
              FF F7 DB 
              FF 00 BD 
              10 B5 03 
              46 0C 46 
              18 46 FF 
              F7 D4 FF 
              00 20 10 
              BD 00 B5 
              03 46 FF 
              F7 E4 FF 
              02 46 10 
              46 00 BD 
              01 46 00 
              20 C0 43 
              70 47 00 
              00 00 00 
              05 40 0F 
              B4 06 4A 
              06 49 10 
              B5 03 AB 
              79 44 02 
              98 00 F0 
              9E F8 10 
              BC 08 BC 
              04 B0 18 
              47 00 00 
              20 00 00 
              20 C7 FF 
              FF FF F3 
              B5 04 46 
              00 20 81 
              B0 82 E0 



ARM Macro Assembler    Page 7 


              E1 68 20 
              46 88 47 
              00 28 7F 
              D0 25 28 
              02 D0 62 
              68 A1 68 
              75 E0 E1 
              68 20 46 
              00 26 88 
              47 05 46 
              00 20 E0 
              61 07 46 
              A0 61 2A 
              2D 11 D1 
              02 98 BA 
              00 12 19 
              02 C8 91 
              61 02 90 
              20 46 E1 
              68 88 47 
              01 2F 05 
              46 26 D1 
              E0 69 00 
              28 2E DA 
              20 20 86 
              43 2B E0 
              28 46 01 
              22 30 38 
              0A 28 01 
              46 18 D2 
              00 2A 16 
              D0 B8 00 
              00 19 00 
              90 81 61 
              07 E0 00 
              98 0A 21 
              80 69 48 
              43 00 99 
              40 19 30 
              38 88 61 
              20 46 E1 
              68 88 47 
              01 21 05 
              46 30 38 
              0A 28 01 
              D2 00 29 
              ED D1 01 
              2F 0A D0 
              2E 2D 08 
              D1 20 46 
              E1 68 88 
              47 05 46 
              20 20 06 
              43 7F 1C 
              02 2F BF 
              DB A0 69 
              00 28 03 
              DA 40 42 
              A0 61 01 



ARM Macro Assembler    Page 8 


              20 06 43 
              F0 07 01 
              D0 10 20 
              86 43 00 
              2D 24 D0 
              28 46 41 
              38 19 28 
              03 D8 01 
              20 C0 02 
              06 43 20 
              35 20 46 
              26 60 29 
              46 02 9A 
              16 46 FF 
              F7 5E FE 
              00 28 0B 
              D0 01 28 
              03 D1 36 
              1D 02 96 
              89 E7 0D 
              E0 F6 1D 
              F0 08 C0 
              00 08 30 
              02 90 82 
              E7 62 68 
              28 46 A1 
              68 90 47 
              20 6A 40 
              1C 20 62 
              7A E7 20 
              6A FE BD 
              70 47 70 
              47 70 47 
              00 00 01 
              69 4A 1C 
              02 61 08 
              78 70 47 
              10 B5 0C 
              46 19 46 
              90 B0 03 
              92 00 22 
              06 92 04 
              4A 02 94 
              7A 44 05 
              90 01 A8 
              04 92 FF 
              F7 5C FF 
              10 B0 10 
              BD E1 FF 
              FF FF 75 
              46 00 F0 
              23 F8 AE 
              46 05 00 
              69 46 53 
              46 C0 08 
              C0 00 85 
              46 18 B0 
              20 B5 FF 
              F7 3A FE 



ARM Macro Assembler    Page 9 


              60 BC 00 
              27 49 08 
              B6 46 00 
              26 C0 C5 
              C0 C5 C0 
              C5 C0 C5 
              C0 C5 C0 
              C5 C0 C5 
              C0 C5 40 
              3D 49 00 
              8D 46 70 
              47 04 46 
              C0 46 C0 
              46 20 46 
              FF F7 17 
              FE 00 00 
              00 48 70 
              47 28 00 
              00 20 02 
              48 03 49 
              AB BE 70 
              47 0D 00 
              00 00 18 
              00 00 00 
              26 00 02 
              00 70 47 
              00 00 74 
              05 00 00 
              00 00 00 
              20 28 00 
              00 00 04 
              01 00 00 
              9C 05 00 
              00 28 00 
              00 20 60 
              10 00 00 
              20 01 00 
              00 11 12 
              13 14 15 
              16 17 18 
              19 1A 00 
              00 00 00 
              00 42 01 
              02 03 04 
              05 06 07 
              08 09 0A 
              00 00 00 
              00 00 00 
              00 00 00 
              00 00 00 
              00 00            INCBIN           aprom.bin
   28 0000059C         imageEnd
   29 0000059C         
   30 0000059C         
   31 0000059C                 END
Command Line: --debug --xref --device=DARMCM1 --apcs=interwork -o.\obj\image.o 
-IC:\Keil\ARM\INC\Nuvoton --predefine="__MICROLIB SETA 1" --list=.\list\I2C\ima
ge.lst image.s



ARM Macro Assembler    Page 1 Alphabetic symbol ordering
Relocatable symbols

_image 00000000

Symbol: _image
   Definitions
      At line 21 in file image.s
   Uses
      None
Comment: _image unused
imageBegin 00000000

Symbol: imageBegin
   Definitions
      At line 26 in file image.s
   Uses
      At line 23 in file image.s
Comment: imageBegin used once
imageEnd 0000059C

Symbol: imageEnd
   Definitions
      At line 28 in file image.s
   Uses
      At line 24 in file image.s
Comment: imageEnd used once
3 symbols
323 symbols in table
