


ARM Macro Assembler    Page 1 


    1 00000000         ;/*-----------------------------------------------------
                       ----------------------------------------------------*/
    2 00000000         ;/*                                                     
                                                                           */
    3 00000000         ;/* Copyright (c) 2008 by Nuvoton Technology Corporation
                                                                           */
    4 00000000         ;/* All rights reserved                                 
                                                                           */
    5 00000000         ;/*                                                     
                                                                           */
    6 00000000         ;/*-----------------------------------------------------
                       ----------------------------------------------------*/
    7 00000000         ;/* File Contents:                                      
                                                                           */
    8 00000000         ;/*   image.s                                           
                                                                           */
    9 00000000         ;/*                                                     
                                                                           */
   10 00000000         ;/*                                                     
                                                                           */
   11 00000000         ;/* Version:                                            
                                                                           */
   12 00000000         ;/*          v0.0.1                                     
                                                                           */
   13 00000000         ;/*                                                     
                                                                           */
   14 00000000         ;/* Project:                                            
                                                                           */
   15 00000000         ;/*          DA8205                                     
                                                                           */
   16 00000000         ;/*                                                     
                                                                           */
   17 00000000         ;/*                                                     
                                                 $Date: 08/08/05 4:16p $   */
   18 00000000         ;/*-----------------------------------------------------
                       ----------------------------------------------------*/
   19 00000000         
   20 00000000         
   21 00000000                 AREA             _image, CODE, READONLY
   22 00000000         
   23 00000000                 EXPORT           imageBegin
   24 00000000                 EXPORT           imageEnd
   25 00000000         
   26 00000000         imageBegin
   27 00000000 E8 06 00 
              20 D5 00 
              00 00 F1 
              00 00 00 
              F3 00 00 
              00 FF FF 
              FF FF FF 
              FF FF FF 
              FF FF FF 
              FF FF FF 
              FF FF FF 
              FF FF FF 
              FF FF FF 
              FF FF FF 
              FF FF F5 



ARM Macro Assembler    Page 2 


              00 00 00 
              FF FF FF 
              FF FF FF 
              FF FF F7 
              00 00 00 
              F9 00 00 
              00 FB 00 
              00 00 FB 
              00 00 00 
              FB 00 00 
              00 FB 00 
              00 00 FB 
              00 00 00 
              FB 00 00 
              00 FB 00 
              00 00 FB 
              00 00 00 
              FB 00 00 
              00 FB 00 
              00 00 FB 
              00 00 00 
              FB 00 00 
              00 FB 00 
              00 00 FB 
              00 00 00 
              61 07 00 
              00 85 07 
              00 00 A9 
              07 00 00 
              CD 07 00 
              00 FB 00 
              00 00 FB 
              00 00 00 
              FB 00 00 
              00 FB 00 
              00 00 FB 
              00 00 00 
              FB 00 00 
              00 FB 00 
              00 00 FB 
              00 00 00 
              FB 00 00 
              00 FB 00 
              00 00 FB 
              00 00 00 
              FB 00 00 
              00 FB 00 
              00 00 FB 
              00 00 00 
              03 48 85 
              46 00 F0 
              3E F8 00 
              48 00 47 
              D1 0A 00 
              00 E8 06 
              00 20 09 
              48 0A 49 
              01 60 0A 
              49 01 60 



ARM Macro Assembler    Page 3 


              0A 49 01 
              60 0A 4A 
              0A 49 11 
              60 00 21 
              01 60 09 
              48 00 47 
              FE E7 FE 
              E7 FE E7 
              FE E7 FE 
              E7 FE E7 
              00 01 00 
              50 59 00 
              00 00 16 
              00 00 00 
              88 00 00 
              00 24 00 
              00 50 A5 
              5A 00 00 
              C1 00 00 
              00 30 B5 
              0B 46 01 
              46 00 20 
              20 22 01 
              24 09 E0 
              0D 46 D5 
              40 9D 42 
              05 D3 1D 
              46 95 40 
              49 1B 25 
              46 95 40 
              40 19 15 
              46 52 1E 
              00 2D F1 
              DC 30 BD 
              06 4C 01 
              25 06 4E 
              05 E0 20 
              46 E3 68 
              07 C8 2B 
              43 98 47 
              10 34 B4 
              42 F7 D3 
              FF F7 B4 
              FF EC 0B 
              00 00 0C 
              0C 00 00 
              7C B5 14 
              4C 01 A9 
              20 69 00 
              90 13 48 
              00 F0 E2 
              F9 00 28 
              12 D0 01 
              20 00 04 
              05 11 00 
              90 01 A9 
              08 38 00 
              F0 D8 F9 
              00 28 04 



ARM Macro Assembler    Page 4 


              D0 00 98 
              40 08 00 
              90 A8 42 
              F4 D8 00 
              98 08 38 
              60 60 7C 
              BD 03 20 
              01 A9 00 
              05 00 F0 
              C8 F9 01 
              98 C0 07 
              F3 D1 69 
              46 03 48 
              00 F0 C1 
              F9 EE E7 
              18 00 00 
              20 F8 EF 
              01 00 04 
              00 30 00 
              FF B5 9C 
              46 05 21 
              BD 4D 09 
              07 02 24 
              04 23 00 
              28 30 D0 
              01 28 61 
              D0 02 28 
              7E D0 AF 
              68 5E 03 
              37 43 AF 
              60 CD 68 
              35 43 CD 
              60 CD 68 
              B5 43 CD 
              60 CE 6B 
              9D 01 2E 
              43 CE 63 
              CE 6B DD 
              01 2E 43 
              CE 63 CD 
              6B 1E 02 
              35 43 CD 
              63 CD 6B 
              5E 02 35 
              43 CD 63 
              4D 6B 1E 
              03 35 43 
              4D 63 AA 
              49 0E 69 
              08 25 2E 
              43 0E 61 
              0C 21 06 
              46 4E 43 
              A7 49 89 
              5D 00 29 
              7D D0 A6 
              48 04 B0 
              F0 BD AF 
              68 01 26 



ARM Macro Assembler    Page 5 


              36 03 37 
              43 AF 60 
              CD 68 35 
              43 CD 60 
              CD 68 B5 
              43 CD 60 
              8D 6B 01 
              26 35 43 
              8D 63 9B 
              4D 2E 69 
              20 27 BE 
              43 2E 61 
              8E 6B 26 
              43 8E 63 
              2E 69 40 
              27 BE 43 
              2E 61 8E 
              6B 1E 43 
              8E 63 2E 
              69 80 27 
              BE 43 2E 
              61 8E 6B 
              08 27 3E 
              43 8E 63 
              2E 69 7F 
              01 BE 43 
              2E 61 4E 
              6B 2F 01 
              3E 43 4E 
              63 29 69 
              01 26 31 
              43 29 61 
              C2 E7 AF 
              68 01 26 
              76 03 37 
              43 AF 60 
              CD 68 35 
              43 CD 60 
              CD 68 B5 
              43 CD 60 
              8E 6B FF 
              25 01 35 
              2E 43 8E 
              63 8E 6B 
              6D 00 2E 
              43 8E 63 
              8E 6B 6F 
              00 3E 43 
              8E 63 8E 
              6B AF 00 
              3E 43 8E 
              63 4E 6B 
              2E 43 00 
              E0 04 E0 
              4E 63 78 
              49 0D 69 
              25 43 1F 
              E0 AE 68 
              01 27 BF 



ARM Macro Assembler    Page 6 


              03 3E 43 
              AE 60 CD 
              68 3D 43 
              CD 60 CD 
              68 BD 43 
              CD 60 CD 
              6B 01 26 
              35 43 CD 
              63 CD 6B 
              25 43 CD 
              63 CD 6B 
              1D 43 CD 
              63 CD 6B 
              08 26 35 
              43 CD 63 
              0D 6B 80 
              26 35 43 
              0D 63 68 
              49 0D 69 
              1D 43 0D 
              61 7B E7 
              FF E7 01 
              27 3F 04 
              67 4D 81 
              00 6D 58 
              06 E0 38 
              46 7F 1E 
              00 28 02 
              DC 62 48 
              40 1C 75 
              E7 28 68 
              C0 07 F5 
              D1 5E 4F 
              01 20 B8 
              55 00 20 
              F6 19 70 
              60 B0 60 
              01 98 02 
              28 07 D0 
              60 46 00 
              28 01 DD 
              20 28 38 
              DD 57 48 
              40 1E 60 
              E7 57 48 
              2A 6B FF 
              24 01 34 
              22 43 2A 
              63 42 58 
              14 6B 01 
              25 2C 43 
              14 63 42 
              58 94 68 
              A4 08 A4 
              00 94 60 
              42 58 94 
              68 9C 43 
              94 60 42 
              58 94 68 



ARM Macro Assembler    Page 7 


              08 25 AC 
              43 94 60 
              42 58 94 
              68 10 25 
              AC 43 94 
              60 44 58 
              00 22 22 
              62 44 58 
              62 62 42 
              58 14 68 
              1C 43 14 
              60 42 58 
              13 68 EC 
              01 23 43 
              13 60 42 
              58 13 68 
              E4 01 23 
              43 13 60 
              40 58 01 
              68 62 10 
              11 43 54 
              E0 20 28 
              01 D1 00 
              20 84 46 
              28 68 F8 
              26 67 46 
              FF 06 B0 
              43 3E 0E 
              30 43 28 
              60 36 48 
              45 58 2E 
              6B 76 08 
              76 00 2E 
              63 01 9D 
              01 2D 05 
              D1 45 58 
              2E 68 01 
              27 BF 04 
              3E 43 2E 
              60 45 58 
              AE 68 08 
              27 3E 43 
              AE 60 00 
              2A 14 D0 
              01 2A 17 
              D0 02 2A 
              20 D0 03 
              2A 23 D0 
              04 2A 2D 
              D0 05 2A 
              34 D0 06 
              2A 42 58 
              15 68 25 
              4E 38 D0 
              35 43 15 
              60 42 58 
              15 68 1D 
              43 19 E0 
              42 58 15 



ARM Macro Assembler    Page 8 


              68 20 4E 
              B5 43 1F 
              E0 42 58 
              16 68 1E 
              4D AE 43 
              16 60 23 
              E0 15 60 
              40 58 01 
              68 A1 43 
              0D E0 42 
              58 15 68 
              18 4E B5 
              43 1E E0 
              42 58 15 
              68 16 4E 
              B5 43 E0 
              E7 15 60 
              40 58 01 
              68 21 43 
              01 60 00 
              20 D2 E6 
              42 58 15 
              68 10 4E 
              35 43 15 
              60 42 58 
              15 68 9D 
              43 E0 E7 
              42 58 15 
              68 0B 4E 
              35 43 15 
              60 42 58 
              15 68 1D 
              43 D7 E7 
              35 43 15 
              60 42 58 
              15 68 9D 
              43 E0 E7 
              00 00 00 
              02 00 50 
              40 00 00 
              50 38 00 
              00 20 03 
              94 FF FF 
              04 00 00 
              20 00 08 
              00 00 82 
              00 05 48 
              80 58 82 
              68 04 23 
              C9 07 9A 
              43 49 0F 
              0A 43 82 
              60 70 47 
              00 00 04 
              00 00 20 
              82 00 05 
              48 80 58 
              82 68 10 
              23 C9 07 



ARM Macro Assembler    Page 9 


              9A 43 C9 
              0E 0A 43 
              82 60 70 
              47 00 00 
              04 00 00 
              20 08 49 
              22 22 CA 
              60 48 60 
              01 20 08 
              61 BF F3 
              60 8F 08 
              68 42 06 
              03 D5 08 
              60 00 20 
              C0 43 70 
              47 00 20 
              70 47 00 
              00 00 C0 
              00 50 09 
              4A 00 23 
              D3 60 50 
              60 93 60 
              01 20 10 
              61 BF F3 
              60 8F 10 
              68 43 06 
              03 D5 10 
              60 00 20 
              C0 43 70 
              47 90 68 
              08 60 00 
              20 70 47 
              00 C0 00 
              50 08 4A 
              21 23 D3 
              60 50 60 
              91 60 01 
              20 10 61 
              BF F3 60 
              8F 10 68 
              41 06 03 
              D5 10 60 
              00 20 C0 
              43 70 47 
              00 20 70 
              47 00 C0 
              00 50 F8 
              B5 00 27 
              16 4E 0F 
              60 05 46 
              0C 46 01 
              21 30 68 
              49 04 88 
              42 1E D3 
              03 20 69 
              46 00 05 
              FF F7 C6 
              FF 00 98 
              C0 07 03 



ARM Macro Assembler    Page 10 


              D0 30 68 
              28 60 27 
              60 F8 BD 
              69 46 0C 
              48 FF F7 
              BB FF 00 
              98 31 68 
              88 42 03 
              D8 01 22 
              52 02 90 
              42 00 D2 
              00 91 00 
              98 28 60 
              31 68 08 
              1A 20 60 
              F8 BD 1F 
              20 00 03 
              28 60 01 
              20 00 03 
              F7 E7 28 
              00 00 20 
              04 00 30 
              00 F7 B5 
              04 46 47 
              4E 00 68 
              82 B0 61 
              68 00 22 
              72 60 45 
              4D 00 28 
              00 D0 E8 
              60 22 46 
              08 32 A4 
              28 01 D0 
              AB 68 01 
              E0 13 68 
              AB 60 99 
              42 67 D1 
              A6 28 11 
              D0 A2 28 
              12 D0 05 
              21 09 07 
              B1 28 16 
              D0 3B 4B 
              AB 28 15 
              D0 AC 28 
              13 D0 AD 
              28 11 D0 
              C9 28 2B 
              D0 CA 28 
              4D D0 53 
              E0 23 20 
              30 72 50 
              E0 32 46 
              03 20 08 
              32 33 49 
              00 05 00 
              F0 72 F8 
              48 E0 08 
              68 45 E0 



ARM Macro Assembler    Page 11 


              4A 68 01 
              24 22 43 
              4A 60 4C 
              68 02 22 
              14 43 4C 
              60 AB 28 
              09 D0 AC 
              28 18 68 
              0A D0 40 
              08 40 00 
              18 60 2A 
              49 28 48 
              C8 60 FE 
              E7 18 68 
              80 08 80 
              00 F6 E7 
              80 08 80 
              00 10 43 
              F2 E7 11 
              68 01 91 
              50 68 81 
              B2 23 A0 
              00 91 00 
              F0 39 F9 
              FF F7 5B 
              FD 68 68 
              21 4F 19 
              4A 01 46 
              38 40 40 
              32 00 F0 
              41 F8 1F 
              48 01 99 
              81 63 00 
              99 C1 63 
              68 68 38 
              40 FF F7 
              20 FF 68 
              68 11 4A 
              01 46 38 
              40 40 32 
              08 31 00 
              F0 10 F9 
              06 E0 18 
              68 80 07 
              01 D5 02 
              20 00 E0 
              01 20 B0 
              60 00 20 
              01 46 03 
              E0 62 5C 
              10 18 80 
              B2 49 1C 
              03 9A 91 
              42 F8 DB 
              30 80 A8 
              68 40 1C 
              70 60 40 
              1C A8 60 
              00 20 05 



ARM Macro Assembler    Page 12 


              B0 F0 BD 
              00 00 A8 
              00 00 20 
              18 00 00 
              20 00 C0 
              00 50 08 
              00 30 00 
              04 00 FA 
              05 00 ED 
              00 E0 63 
              6B 73 75 
              6D 0A 00 
              00 00 FE 
              0F 00 A8 
              02 00 20 
              70 B5 0E 
              46 15 46 
              04 46 05 
              E0 29 46 
              20 46 FF 
              F7 F3 FE 
              2D 1D 24 
              1D B4 42 
              F7 D3 70 
              BD 06 48 
              01 68 01 
              22 12 04 
              11 43 01 
              60 04 48 
              41 68 00 
              29 01 D0 
              80 68 08 
              47 70 47 
              00 00 00 
              00 03 40 
              38 00 00 
              20 06 48 
              01 68 01 
              22 12 04 
              11 43 01 
              60 04 48 
              01 69 00 
              29 01 D0 
              40 69 08 
              47 70 47 
              00 00 00 
              40 03 40 
              38 00 00 
              20 06 48 
              01 68 01 
              22 12 04 
              11 43 01 
              60 04 48 
              C1 69 00 
              29 01 D0 
              00 6A 08 
              47 70 47 
              00 00 00 
              00 13 40 



ARM Macro Assembler    Page 13 


              38 00 00 
              20 06 48 
              01 68 01 
              22 12 04 
              11 43 01 
              60 04 48 
              81 6A 00 
              29 01 D0 
              C0 6A 08 
              47 70 47 
              00 00 00 
              40 13 40 
              38 00 00 
              20 F8 B5 
              01 27 00 
              24 3F 04 
              16 4E 17 
              4A 01 25 
              10 68 38 
              43 10 60 
              10 68 28 
              43 10 60 
              00 2C 01 
              D0 00 23 
              09 E0 10 
              68 C0 03 
              FC D5 10 
              E0 01 20 
              00 F0 64 
              F8 5B 1C 
              B3 42 02 
              DA 10 68 
              C0 03 F6 
              D5 10 68 
              C0 03 04 
              D4 21 46 
              09 A0 00 
              F0 73 F8 
              06 E0 10 
              69 0B 49 
              63 1C 08 
              55 1C 46 
              40 2B D9 
              DB 40 2C 
              01 D1 08 
              48 05 70 
              F8 BD 80 
              84 1E 00 
              00 00 03 
              40 72 63 
              76 20 74 
              69 6D 6F 
              75 74 20 
              25 64 0A 
              00 00 68 
              00 00 20 
              18 00 00 
              20 F8 B5 
              01 26 00 



ARM Macro Assembler    Page 14 


              23 36 04 
              12 4D 13 
              4A 01 27 
              10 68 30 
              43 10 60 
              11 48 C0 
              5C 10 62 
              01 20 00 
              F0 2A F8 
              10 68 38 
              43 10 60 
              00 24 05 
              E0 01 20 
              00 F0 22 
              F8 64 1C 
              AC 42 02 
              DA 10 68 
              C0 03 F6 
              D5 10 68 
              C0 03 04 
              D4 19 46 
              06 A0 00 
              F0 31 F8 
              F8 BD 5B 
              1C 40 2B 
              DD DB F8 
              BD 80 84 
              1E 00 00 
              00 03 40 
              A8 00 00 
              20 73 65 
              6E 64 20 
              74 69 6D 
              65 6F 75 
              74 20 25 
              64 0A 00 
              00 00 00 
              0B 21 48 
              43 04 49 
              48 61 00 
              20 88 61 
              05 20 08 
              61 08 69 
              C0 03 FC 
              D5 70 47 
              00 E0 00 
              E0 70 B5 
              0E 46 15 
              46 04 46 
              05 E0 20 
              46 29 68 
              FF F7 29 
              FE 2D 1D 
              24 1D B4 
              42 F7 D3 
              70 BD 0F 
              B4 10 B5 
              03 A9 04 
              4B 04 4A 



ARM Macro Assembler    Page 15 


              02 98 00 
              F0 18 F8 
              10 BC 08 
              BC 04 B0 
              18 47 C5 
              0A 00 00 
              14 00 00 
              20 02 E0 
              08 C8 12 
              1F 08 C1 
              00 2A FA 
              D1 70 47 
              70 47 00 
              20 01 E0 
              01 C1 12 
              1F 00 2A 
              FB D1 70 
              47 00 00 
              FF B5 8D 
              B0 04 46 
              00 25 93 
              E0 25 28 
              32 D1 00 
              27 64 1C 
              4B 4A 01 
              21 00 97 
              23 78 08 
              46 20 3B 
              98 40 03 
              46 13 42 
              02 D0 07 
              43 64 1C 
              F5 E7 20 
              78 2E 28 
              17 D1 04 
              20 07 43 
              64 1C 20 
              78 2A 28 
              0C D1 0E 
              98 64 1C 
              02 C8 00 
              91 0E 90 
              0B E0 00 
              99 0A 22 
              51 43 30 
              39 40 18 
              64 1C 00 
              90 20 78 
              01 46 30 
              39 09 29 
              F3 D9 20 
              78 00 28 
              68 D0 64 
              28 08 D0 
              69 28 06 
              D0 75 28 
              1D D0 10 
              9A 0F 99 
              90 47 6D 



ARM Macro Assembler    Page 16 


              1C 58 E0 
              0A 20 0E 
              99 01 90 
              01 C9 0E 
              91 00 28 
              02 DA 40 
              42 2D 21 
              02 E0 39 
              05 04 D5 
              2B 21 6A 
              46 11 72 
              01 21 04 
              E0 F9 07 
              01 D0 20 
              21 F7 E7 
              00 21 0B 
              AE 0B 91 
              0B E0 0A 
              20 0E 99 
              01 90 01 
              C9 0E 91 
              F5 E7 01 
              99 FF F7 
              7B FB 30 
              31 76 1E 
              31 70 00 
              28 F7 D1 
              03 A8 80 
              1B 20 30 
              01 90 78 
              07 01 D4 
              01 20 00 
              90 01 9A 
              00 99 00 
              20 91 42 
              00 DD 88 
              1A 00 27 
              00 90 06 
              E0 02 A8 
              10 9A C0 
              5D 0F 99 
              90 47 6D 
              1C 7F 1C 
              0B 98 87 
              42 F5 DB 
              04 E0 10 
              9A 30 20 
              0F 99 90 
              47 6D 1C 
              00 99 48 
              1E 00 90 
              00 29 F5 
              DC 05 E0 
              30 78 10 
              9A 76 1C 
              0F 99 90 
              47 6D 1C 
              01 99 48 
              1E 01 90 



ARM Macro Assembler    Page 17 


              00 29 F4 
              DC 64 1C 
              20 78 00 
              28 00 D0 
              67 E7 28 
              46 11 B0 
              F0 BD 09 
              28 01 00 
              06 49 8A 
              69 12 02 
              FC D4 08 
              60 0A 28 
              04 D1 88 
              69 00 02 
              FC D4 0D 
              20 08 60 
              70 47 00 
              00 00 00 
              05 40 00 
              B5 03 46 
              FF F7 EC 
              FF 18 46 
              00 BD 08 
              B5 39 48 
              59 21 01 
              60 16 21 
              01 60 88 
              21 01 60 
              05 25 2D 
              07 28 68 
              35 4C E0 
              61 35 4E 
              30 68 01 
              22 10 43 
              30 60 30 
              68 04 21 
              08 43 30 
              60 31 48 
              FF F7 F3 
              FE 31 48 
              01 68 11 
              43 01 60 
              01 27 FF 
              02 69 46 
              38 46 FF 
              F7 13 FD 
              00 28 3E 
              DA 28 49 
              27 61 18 
              31 08 1F 
              FF F7 35 
              FD 03 21 
              69 63 EA 
              68 01 20 
              00 04 02 
              43 EA 60 
              EA 68 82 
              43 EA 60 
              B2 68 02 



ARM Macro Assembler    Page 18 


              43 B2 60 
              70 69 0A 
              06 90 43 
              01 22 52 
              06 80 18 
              70 61 1F 
              48 C2 68 
              0A 43 C2 
              60 52 21 
              81 60 40 
              21 01 62 
              1C 49 41 
              62 30 69 
              C0 08 C0 
              00 00 1D 
              30 61 1A 
              49 19 48 
              08 60 1A 
              A0 FF F7 
              D4 FE 08 
              23 07 22 
              01 21 00 
              20 FF F7 
              22 FB 00 
              21 08 46 
              FF F7 B6 
              FC 00 21 
              08 46 FF 
              F7 A4 FC 
              00 25 01 
              E0 7F 00 
              B8 E7 FF 
              F7 28 FE 
              20 78 01 
              28 05 D1 
              01 22 40 
              21 0F 48 
              FF F7 24 
              FD 25 70 
              FF F7 5F 
              FE F1 E7 
              00 01 00 
              50 18 00 
              00 20 00 
              02 00 50 
              88 13 00 
              00 00 C0 
              00 50 00 
              00 05 40 
              0A 00 00 
              2F 80 B1 
              4F 01 00 
              00 00 20 
              53 50 49 
              20 41 50 
              52 4F 4D 
              0A 00 00 
              68 00 00 
              20 0C 0C 



ARM Macro Assembler    Page 19 


              00 00 00 
              00 00 20 
              38 00 00 
              00 40 09 
              00 00 44 
              0C 00 00 
              38 00 00 
              20 B0 06 
              00 00 50 
              09 00 00 
              80 F0 FA 
              02 00 00 
              03 40 00 
              40 03 40 
              00 00 13 
              40 00 40 
              13 40 00 
              00 00 00 
              00 00 00 
              00 F8 FF 
              01 00 01 
              00 00 00 
              00 00 00 
              00 00 00 
              00 00 00 
              00 00 00 
              00 00 00 
              00 00 00 
              00 00            INCBIN           spiaprom.bin
   28 00000C44         imageEnd
   29 00000C44         
   30 00000C44         
   31 00000C44                 END
Command Line: --debug --xref --cpu=Cortex-M0 --apcs=interwork --depend=.\obj\sp
iimage.d -o.\obj\spiimage.o -IC:\Keil\ARM\INC -IC:\Keil\ARM\INC\Nuvoton --prede
fine="__EVAL SETA 1" --predefine="__MICROLIB SETA 1" --list=.\list\spiimage.lst
 spiimage.s



ARM Macro Assembler    Page 1 Alphabetic symbol ordering
Relocatable symbols

_image 00000000

Symbol: _image
   Definitions
      At line 21 in file spiimage.s
   Uses
      None
Comment: _image unused
imageBegin 00000000

Symbol: imageBegin
   Definitions
      At line 26 in file spiimage.s
   Uses
      At line 23 in file spiimage.s
Comment: imageBegin used once
imageEnd 00000C44

Symbol: imageEnd
   Definitions
      At line 28 in file spiimage.s
   Uses
      At line 24 in file spiimage.s
Comment: imageEnd used once
3 symbols
328 symbols in table
